Started by user [8mha:////4KuJanlH0MNuhzOTFhaatN/U4bF5aZCepnpMHdrpcjovAAAAnR+LCAAAAAAAAP9b85aBtbiIQTGjNKU4P08vOT+vOD8nVc83PyU1x6OyILUoJzMv2y+/JJUBAhiZGBgqihhk0NSjKDWzXb3RdlLBUSYGJk8GtpzUvPSSDB8G5tKinBIGIZ+sxLJE/ZzEvHT94JKizLx0a6BxUmjGOUNodHsLgAzuEgZB/dLi1CL9xILU7OKMxHhDI2MAB6CqTsYAAAA=[0mApeksha H N
Running as SYSTEM
Building in workspace /var/lib/jenkins/workspace/java
The recommended git tool is: NONE
No credentials specified
 > git rev-parse --resolve-git-dir /var/lib/jenkins/workspace/java/.git # timeout=10
Fetching changes from the remote Git repository
 > git config remote.origin.url https://github.com/Apekshshn/Java-project.git # timeout=10
Fetching upstream changes from https://github.com/Apekshshn/Java-project.git
 > git --version # timeout=10
 > git --version # 'git version 2.39.3'
 > git fetch --tags --force --progress -- https://github.com/Apekshshn/Java-project.git +refs/heads/*:refs/remotes/origin/* # timeout=10
 > git rev-parse refs/remotes/origin/main^{commit} # timeout=10
Checking out Revision 307db0459367f55df9e8e2e96fb01fda681b2091 (refs/remotes/origin/main)
 > git config core.sparsecheckout # timeout=10
 > git checkout -f 307db0459367f55df9e8e2e96fb01fda681b2091 # timeout=10
Commit message: "Merge pull request #11 from jokimaki/timeout-scanning-annotations"
 > git rev-list --no-walk 307db0459367f55df9e8e2e96fb01fda681b2091 # timeout=10
[java] $ /bin/sh -xe /tmp/jenkins3228611598725710929.sh
+ cd /var/lib/jenkins/workspace/java
+ mvn
[INFO] Scanning for projects...
Downloading from central: https://repo.maven.apache.org/maven2/org/mitre/openid-connect-parent/1.3.1/openid-connect-parent-1.3.1.pom
Progress (1): 2.8/19 kBProgress (1): 5.5/19 kBProgress (1): 8.3/19 kBProgress (1): 11/19 kB Progress (1): 14/19 kBProgress (1): 17/19 kBProgress (1): 19/19 kBProgress (1): 19 kB                      Downloaded from central: https://repo.maven.apache.org/maven2/org/mitre/openid-connect-parent/1.3.1/openid-connect-parent-1.3.1.pom (19 kB at 29 kB/s)
Downloading from central: https://repo.maven.apache.org/maven2/org/sonatype/oss/oss-parent/9/oss-parent-9.pom
Progress (1): 2.8/6.6 kBProgress (1): 5.5/6.6 kBProgress (1): 6.6 kB                        Downloaded from central: https://repo.maven.apache.org/maven2/org/sonatype/oss/oss-parent/9/oss-parent-9.pom (6.6 kB at 313 kB/s)
Downloading from central: https://repo.maven.apache.org/maven2/org/springframework/spring-framework-bom/4.3.7.RELEASE/spring-framework-bom-4.3.7.RELEASE.pom
Progress (1): 2.8/5.1 kBProgress (1): 5.1 kB                        Downloaded from central: https://repo.maven.apache.org/maven2/org/springframework/spring-framework-bom/4.3.7.RELEASE/spring-framework-bom-4.3.7.RELEASE.pom (5.1 kB at 320 kB/s)
Downloading from central: https://repo.maven.apache.org/maven2/org/springframework/security/spring-security-bom/4.2.2.RELEASE/spring-security-bom-4.2.2.RELEASE.pom
Progress (1): 2.8/4.3 kBProgress (1): 4.3 kB                        Downloaded from central: https://repo.maven.apache.org/maven2/org/springframework/security/spring-security-bom/4.2.2.RELEASE/spring-security-bom-4.2.2.RELEASE.pom (4.3 kB at 271 kB/s)
[INFO] ------------------------------------------------------------------------
[INFO] BUILD FAILURE
[INFO] ------------------------------------------------------------------------
[INFO] Total time:  1.735 s
[INFO] Finished at: 2024-03-19T14:57:49Z
[INFO] ------------------------------------------------------------------------
[ERROR] No goals have been specified for this build. You must specify a valid lifecycle phase or a goal in the format <plugin-prefix>:<goal> or <plugin-group-id>:<plugin-artifact-id>[:<plugin-version>]:<goal>. Available lifecycle phases are: validate, initialize, generate-sources, process-sources, generate-resources, process-resources, compile, process-classes, generate-test-sources, process-test-sources, generate-test-resources, process-test-resources, test-compile, process-test-classes, test, prepare-package, package, pre-integration-test, integration-test, post-integration-test, verify, install, deploy, pre-clean, clean, post-clean, pre-site, site, post-site, site-deploy. -> [Help 1]
[ERROR] 
[ERROR] To see the full stack trace of the errors, re-run Maven with the -e switch.
[ERROR] Re-run Maven using the -X switch to enable full debug logging.
[ERROR] 
[ERROR] For more information about the errors and possible solutions, please read the following articles:
[ERROR] [Help 1] http://cwiki.apache.org/confluence/display/MAVEN/NoGoalSpecifiedException
Build step 'Execute shell' marked build as failure
Finished: FAILURE
